5bfc app_context::start_logger  476 ---- 2026/06/26 03:09:26.533 -------------------------------------------------
5bfc app_context::start_logger  479 Host process is 'cmd.exe' (pid 23548)
5bfc app_context::start_logger  483 DLL path is 'C:\Users\Youss\frontend\pic\cmder_mini\vendor\clink'
5bfc app_context::start_logger  498 Windows version 10.0.26200 (x64)
5bfc app_context::start_logger  500 Clink version 1.6.14.93b83f (x64)
5bfc hook_setter::hook_setter  159 >>> Started hook transaction.
5bfc hook_setter::attach_iat   316 Attempting to hook SetEnvironmentVariableW in IAT for module 00007FF7CD100000.
5bfc pe_info::iterate_imports  195 Found import in 'api-ms-win-core-processenvironment-l1-1-0.dll'
5bfc find_iat                  124 Found import at 00007FF7CD13CE70 (value is 00007FFFEDC5D730).
5bfc hook_setter::attach_iat   316 Attempting to hook SetEnvironmentStringsW in IAT for module 00007FF7CD100000.
5bfc pe_info::iterate_imports  195 Found import in 'api-ms-win-core-processenvironment-l1-1-0.dll'
5bfc find_iat                  124 Found import at 00007FF7CD13CE78 (value is 00007FFFEDC71040).
5bfc hook_setter::attach_iat   316 Attempting to hook WriteConsoleW in IAT for module 00007FF7CD100000.
5bfc pe_info::iterate_imports  195 Found import in 'api-ms-win-core-console-l1-1-0.dll'
5bfc find_iat                  124 Found import at 00007FF7CD13CAB8 (value is 00007FFFEDC57F90).
5bfc hook_setter::attach_iat   316 Attempting to hook GetEnvironmentVariableW in IAT for module 00007FF7CD100000.
5bfc pe_info::iterate_imports  195 Found import in 'api-ms-win-core-processenvironment-l1-1-0.dll'
5bfc find_iat                  124 Found import at 00007FF7CD13CE50 (value is 00007FFFEDC3E7B0).
5bfc hook_setter::commit       207 <<< Hook transaction committed.
5bfc hook_setter::hook_setter  159 >>> Started hook transaction.
5bfc hook_setter::detach_iat   359 Attempting to unhook 00007FFF58745200 from GetEnvironmentVariableW in IAT for module 00007FF7CD100000.
5bfc pe_info::iterate_imports  195 Found import in 'api-ms-win-core-processenvironment-l1-1-0.dll'
5bfc find_iat                  124 Found import at 00007FF7CD13CE50 (value is 00007FFF58745200).
5bfc hook_setter::commit       207 <<< Hook transaction committed.
5bfc hook_setter::hook_setter  159 >>> Started hook transaction.
5bfc hook_setter::attach_iat   316 Attempting to hook ReadConsoleW in IAT for module 00007FF7CD100000.
5bfc pe_info::iterate_imports  195 Found import in 'api-ms-win-core-console-l1-1-0.dll'
5bfc find_iat                  124 Found import at 00007FF7CD13CAC8 (value is 00007FFFEDC3F8B0).
5bfc hook_setter::commit       207 <<< Hook transaction committed.
5bfc hook_setter::hook_setter  159 >>> Started hook transaction.
5bfc hook_setter::attach_iat   316 Attempting to hook SetConsoleTitleW in IAT for module 00007FF7CD100000.
5bfc pe_info::iterate_imports  195 Found import in 'api-ms-win-core-console-l2-2-0.dll'
5bfc find_iat                  124 Found import at 00007FF7CD13CB30 (value is 00007FFFEDC4F140).
5bfc hook_setter::commit       207 <<< Hook transaction committed.
5bfc win_screen_buffer::begin  366 Using native terminal support (auto mode found 'ConEmuHk64.dll').
5bfc reset_handle              144 resetting mismatched stdin handle
5bfc reset_handle              144 resetting mismatched stdout handle
5bfc reset_handle              144 resetting mismatched stderr handle
5bfc reset_handle              144 resetting mismatched stdout handle
5bfc reset_handle              144 resetting mismatched stderr handle
5bfc host_lua::load_scripts    192 Loaded 2 Lua scripts in 114 ms
5bfc @~clink~/app/update.lua   370 Clink updater: too soon to check for updates (1782432282 vs 1782432568).
5bfc history_db::initialise   1321 master bank ctag: |CTAG_1782432277_41583265_19680_0
5bfc history_db::compact      1599 History:  5 active, 4 deleted
5bfc reset_handle              144 resetting mismatched stdout handle
5bfc reset_handle              144 resetting mismatched stderr handle
5bfc history_db::compact      1599 History:  5 active, 4 deleted
5bfc reset_handle              144 resetting mismatched stdout handle
5bfc reset_handle              144 resetting mismatched stderr handle
5bfc history_db::compact      1599 History:  4 active, 5 deleted
5bfc reset_handle              144 resetting mismatched stdout handle
5bfc reset_handle              144 resetting mismatched stderr handle
5bfc history_db::compact      1599 History:  3 active, 6 deleted
5bfc reset_handle              144 resetting mismatched stdout handle
5bfc reset_handle              144 resetting mismatched stderr handle
5bfc history_db::compact      1599 History:  2 active, 7 deleted
5bfc reset_handle              144 resetting mismatched stdout handle
5bfc reset_handle              144 resetting mismatched stderr handle
5bfc history_db::compact      1599 History:  2 active, 7 deleted
5bfc reset_handle              144 resetting mismatched stdout handle
5bfc reset_handle              144 resetting mismatched stderr handle
5bfc history_db::compact      1599 History:  2 active, 7 deleted
